app/seeds.txt
app.bmc.com.BHOOMI_MRTC.adapters.RestrictionOnLandReportAdapter
app.bmc.com.BHOOMI_MRTC.model.MST_VLM: java.lang.String getVLM_TKN_NM()
app.bmc.com.BHOOMI_MRTC.model.MutualPendacyData: java.lang.String ???????_x0020_????????_x0020_??????
app.bmc.com.BHOOMI_MRTC.model.GetLandConversionFinalOrders_Table: java.lang.String ReturnPage
app.bmc.com.BHOOMI_MRTC.model.GetLandConversionFinalOrders_Table: java.lang.String getTypeOfConv()
app.bmc.com.BHOOMI_MRTC.model.PacsCertificateAadharTableData: java.lang.String trn_bnkid
app.bmc.com.BHOOMI_MRTC.model.BankLoanRationTableData: java.lang.String BCUSTID
app.bmc.com.BHOOMI_MRTC.model.PariharaIndividualDetailsResponse: void setGetMutationPendencyDetailsResult(java.lang.String)
app.bmc.com.BHOOMI_MRTC.model.BankLoanRationTableData: java.lang.String getFMLY_DISTNME()
app.bmc.com.BHOOMI_MRTC.model.PaymentDetail: void setPaymentStatus(java.lang.String)
app.bmc.com.BHOOMI_MRTC.model.TalukData: java.lang.String VLM_TLK_NM
app.bmc.com.BHOOMI_MRTC.screens.ConversionFinalOrders_BasedOnReq_ID$1
app.bmc.com.BHOOMI_MRTC.model.Irrigation: java.lang.String serialnumber
app.bmc.com.BHOOMI_MRTC.model.GetLandConversionFinalOrders_Table: java.lang.String LND_HCODE
app.bmc.com.BHOOMI_MRTC.model.V_MUTATION_STATUS_TABLE: int getVMS_LAND_NO()
app.bmc.com.BHOOMI_MRTC.model.Pahanidetails: void setHissano(java.lang.String)
app.bmc.com.BHOOMI_MRTC.screens.ConversionFinalOrders_BasedOnReq_ID
app.bmc.com.BHOOMI_MRTC.model.Pahanidetails: java.lang.String getPhodkharaba()
app.bmc.com.BHOOMI_MRTC.model.Afdvt_ReqSts_BasedOnAfdvtIdTable: java.lang.String REQ_AID
app.bmc.com.BHOOMI_MRTC.adapters.CultivatorCustomAdapter
app.bmc.com.BHOOMI_MRTC.adapters.LandConversionBasedOnAffidavitAdapter$ViewHolder
app.bmc.com.BHOOMI_MRTC.model.MS_REPORT_TABLE: int MSR_HBL_ID
app.bmc.com.BHOOMI_MRTC.model.BankPaymentTableData: java.lang.String getLoanType()
app.bmc.com.BHOOMI_MRTC.database.DataBaseAccess_Impl: int getNumOfRowsMSR()
app.bmc.com.BHOOMI_MRTC.model.HobliDataKannada: int VLM_HBL_ID
app.bmc.com.BHOOMI_MRTC.model.Cultivator: java.lang.String cultivationextent
app.bmc.com.BHOOMI_MRTC.model.SeasonDetails: int id
app.bmc.com.BHOOMI_MRTC.model.LoanWaiverBankResponseData: java.lang.String EligibleLoan
app.bmc.com.BHOOMI_MRTC.model.RTCByOwnerNameResponse: java.lang.String getSurnoc()
app.bmc.com.BHOOMI_MRTC.model.GetLandConversionFinalOrders_Table: java.lang.String getDISTRICT_NAME()
app.bmc.com.BHOOMI_MRTC.model.Owner: java.lang.String getAcquisitiondetails()
app.bmc.com.BHOOMI_MRTC.model.PaymentDetail: void setYear(java.lang.String)
app.bmc.com.BHOOMI_MRTC.model.VR_INFO: void setVR_VLG_ID(int)
app.bmc.com.BHOOMI_MRTC.model.PacsBankMasterData: void setBNK_BHM_TLK_NME(java.lang.String)
app.bmc.com.BHOOMI_MRTC.model.MutualPendacyData: java.lang.String ?????????_x0020_????
app.bmc.com.BHOOMI_MRTC.model.LandConversion_TABLE: void setUSER_ID(java.lang.String)
app.bmc.com.BHOOMI_MRTC.model.PacsCertificateAadharTableData: java.lang.String getTrn_bnkid()
app.bmc.com.BHOOMI_MRTC.screens.RestrictionOnLand
app.bmc.com.BHOOMI_MRTC.model.PacsBankMasterData: void setBnk_Brnch_Nme_Eng(java.lang.String)
app.bmc.com.BHOOMI_MRTC.model.Afdvt_ReqSts_BasedOnAfdvtIdTable
app.bmc.com.BHOOMI_MRTC.model.CultivatorDisplay: java.lang.String getSingle_crop_extents()
app.bmc.com.BHOOMI_MRTC.model.BankLoanRationTableData: java.lang.String getOTRN_LOANEENME()
app.bmc.com.BHOOMI_MRTC.model.BenificaryDataLandWise: void setVillageName(java.lang.String)
app.bmc.com.BHOOMI_MRTC.model.PacsLoanRationTableData: void setTRN_LOONENME(java.lang.String)
app.bmc.com.BHOOMI_MRTC.model.BankMasterData: java.lang.String getBNK_IFSC_CDE()
app.bmc.com.BHOOMI_MRTC.model.VR_INFO: int id
app.bmc.com.BHOOMI_MRTC.model.BankPaymentRationTableData: void setPAYMENT_DT(java.lang.String)
app.bmc.com.BHOOMI_MRTC.model.Afdvt_ReqSts_BasedOnAfdvtIdTable: void setVILLAGE_NAME(java.lang.String)
app.bmc.com.BHOOMI_MRTC.model.PariharaEntry: java.lang.String getCropName()
...
com.google.android.material.textfield.TextInputLayout: void setPasswordVisibilityToggleDrawable(android.graphics.drawable.Drawable)
androidx.appcompat.R$style: int Widget_AppCompat_ActionButton
org.jsoup.nodes.Attributes: org.jsoup.nodes.Attributes put(java.lang.String,java.lang.String)
androidx.cardview.widget.RoundRectDrawableWithShadow: void setBackground(android.content.res.ColorStateList)
org.jsoup.select.Evaluator$IsLastOfType
androidx.appcompat.R$styleable: int AppCompatTextHelper_android_textAppearance
androidx.coordinatorlayout.R$attr: int fontProviderFetchTimeout
androidx.appcompat.R$styleable: int SwitchCompat_splitTrack
org.jsoup.nodes.Element: boolean is(org.jsoup.select.Evaluator)
com.google.android.material.R$styleable: int Slider_haloRadius
androidx.appcompat.R$styleable: int ActionMode_subtitleTextStyle
androidx.appcompat.R$attr: int spinBars
com.github.chrisbanes.photoview.PhotoViewAttacher: void setOnScaleChangeListener(com.github.chrisbanes.photoview.OnScaleChangedListener)
androidx.appcompat.R$styleable: int AppCompatTextView_firstBaselineToTopHeight
androidx.appcompat.R$styleable: int GradientColor_android_startX
com.google.android.material.R$layout: int abc_list_menu_item_checkbox
com.google.android.material.R$styleable: int TextInputLayout_startIconTint
io.reactivex.plugins.RxJavaPlugins: io.reactivex.functions.Function getComputationSchedulerHandler()
com.google.android.material.R$integer: int status_bar_notification_info_maxnum
com.google.android.material.R$attr: int actionBarTabStyle
com.google.android.material.R$styleable: int Chip_iconEndPadding
com.google.android.material.internal.ScrimInsetsFrameLayout: ScrimInsetsFrameLayout(android.content.Context,android.util.AttributeSet)
com.nineoldandroids.util.Property: java.lang.Class getType()
androidx.appcompat.R$styleable: int Toolbar_logo
androidx.appcompat.R$style: int Widget_AppCompat_RatingBar_Indicator
androidx.appcompat.R$id: int info
androidx.customview.widget.ViewDragHelper: int getEdgeSize()
androidx.appcompat.R$styleable: int[] AnimatedStateListDrawableTransition
com.google.android.material.bottomappbar.BottomAppBarTopEdgeTreatment: float getCradleVerticalOffset()
com.google.android.material.R$styleable: int TextInputLayout_boxCornerRadiusTopStart
com.google.android.material.chip.ChipDrawable: boolean getUseCompatRipple()
kotlin.text.Regex: java.lang.String getPattern()
androidx.appcompat.widget.Toolbar: android.graphics.drawable.Drawable getLogo()
androidx.appcompat.widget.LinearLayoutCompat: void setDividerDrawable(android.graphics.drawable.Drawable)
com.nineoldandroids.view.animation.AnimatorProxy: float getScaleY()
androidx.core.R$styleable: int[] GradientColor
org.jsoup.internal.StringUtil: java.lang.String join(java.util.Iterator,java.lang.String)
io.reactivex.plugins.RxJavaPlugins: io.reactivex.functions.BiFunction getOnCompletableSubscribe()
com.google.android.material.R$styleable: int TabLayout_tabIndicatorColor
androidx.appcompat.widget.ContentFrameLayout: ContentFrameLayout(android.content.Context)
com.google.android.material.R$attr: int itemHorizontalTranslationEnabled
androidx.appcompat.R$attr: int thumbTint
androidx.appcompat.graphics.drawable.AnimatedStateListDrawableCompat: void setDither(boolean)
androidx.appcompat.view.SupportActionModeWrapper: void setSubtitle(java.lang.CharSequence)
org.jsoup.select.Evaluator$IsFirstChild: Evaluator$IsFirstChild()
kotlin.text.RegexOption: int getMask()
androidx.appcompat.view.menu.ActionMenuItem: java.lang.CharSequence getTooltipText()
com.rengwuxian.materialedittext.R$dimen: int abc_text_size_display_4_material
org.jsoup.select.NodeFilter$FilterResult: org.jsoup.select.NodeFilter$FilterResult valueOf(java.lang.String)
com.google.android.material.internal.NavigationMenuPresenter: void setOverScrollMode(int)
okhttp3.internal.connection.RealCall$CallReference: java.lang.Object getCallStackTrace()
androidx.core.widget.AutoScrollHelper$ClampedScroller