app/mapping.txt
# compiler: R8
# compiler_version: 1.6.67
# min_api: 21
# pg_map_id: e97162e
# common_typos_disable
app.bmc.com.BHOOMI_MRTC.adapters.-$$Lambda$LandConversionBasedOnAffidavitAdapter$ViewHolder$14FxcoiJ7hTyvUH2pGD3dVjLfpk -> e1.a:
    app.bmc.com.BHOOMI_MRTC.adapters.LandConversionBasedOnAffidavitAdapter$ViewHolder f$0 -> b
app.bmc.com.BHOOMI_MRTC.adapters.-$$Lambda$LandConversionBasedOnAffidavitAdapter$ViewHolder$zCovbCOT5HEREdtVKtJ44NLQm2M -> e1.b:
    app.bmc.com.BHOOMI_MRTC.adapters.LandConversionBasedOnAffidavitAdapter$ViewHolder f$0 -> b
app.bmc.com.BHOOMI_MRTC.adapters.-$$Lambda$LandConversionBasedOnUserIDAdapter$ViewHolder$BRCHA6s3tQOsixj-5cdj4qe_KSs -> e1.c:
    app.bmc.com.BHOOMI_MRTC.adapters.LandConversionBasedOnUserIDAdapter$ViewHolder f$0 -> b
app.bmc.com.BHOOMI_MRTC.adapters.-$$Lambda$LandConversionBasedOnUserIDAdapter$ViewHolder$TFCegolTyeiKts5M1RWrglIJymY -> e1.d:
    app.bmc.com.BHOOMI_MRTC.adapters.LandConversionBasedOnUserIDAdapter$ViewHolder f$0 -> b
app.bmc.com.BHOOMI_MRTC.adapters.-$$Lambda$LandConversionFinalOrdersAdapter$t9Fuyr3K-W9hHZtAn5rmq4p3agY -> e1.e:
    app.bmc.com.BHOOMI_MRTC.adapters.LandConversionFinalOrdersAdapter f$0 -> b
    int f$1 -> c
app.bmc.com.BHOOMI_MRTC.adapters.-$$Lambda$ShowRtcOwnerReportAdapter$DXL9f7TXMPfN3J06Fzmkil85lPY -> e1.f:
    app.bmc.com.BHOOMI_MRTC.adapters.ShowRtcOwnerReportAdapter f$0 -> b
    app.bmc.com.BHOOMI_MRTC.model.RTCByOwnerNameResponse f$2 -> d
    int f$1 -> c
app.bmc.com.BHOOMI_MRTC.adapters.CultivatorCustomAdapter -> e1.g:
    java.util.ArrayList dataSet -> c
    1:1:void onBindViewHolder(app.bmc.com.BHOOMI_MRTC.adapters.CultivatorCustomAdapter$MyViewHolder,int):0:0 -> a
    1:1:void onBindViewHolder(androidx.recyclerview.widget.RecyclerView$ViewHolder,int):0 -> a
    2:2:app.bmc.com.BHOOMI_MRTC.adapters.CultivatorCustomAdapter$MyViewHolder onCreateViewHolder(android.view.ViewGroup,int):0:0 -> a
    2:2:androidx.recyclerview.widget.RecyclerView$ViewHolder onCreateViewHolder(android.view.ViewGroup,int):0 -> a
app.bmc.com.BHOOMI_MRTC.adapters.CultivatorCustomAdapter$MyViewHolder -> e1.g$a:
    android.widget.TextView cultivator_name -> u
    android.widget.TextView year_season -> t
    android.widget.TextView tenancy_extent -> w
    android.widget.TextView cult_type -> v
    android.widget.TextView land_utilisation_cls -> y
    android.widget.TextView tenancy_rent -> x
    android.widget.TextView land_utilisation_rent -> z
    android.widget.TextView dry_wet_garden -> A
    android.widget.TextView single_crop_extents -> C
    android.widget.TextView crop_name -> B
    android.widget.TextView total_crop_extents -> E
    android.widget.TextView mixed_crop_extents -> D
    android.widget.TextView yield -> G
    android.widget.TextView water_source -> F
    android.widget.TextView mixed_crop_name_extents -> I
    android.widget.TextView mixed_crop_name -> H
app.bmc.com.BHOOMI_MRTC.adapters.ExpandListAdapter -> e1.h:
    android.content.Context _context -> b
    java.util.List _listDataHeader -> c
    java.util.HashMap _listDataChild -> d
    1:1:java.lang.Object getGroup(int):0:0 -> getGroupView
    1:1:android.view.View getGroupView(int,boolean,android.view.View,android.view.ViewGroup):0 -> getGroupView
    2:2:android.view.View getGroupView(int,boolean,android.view.View,android.view.ViewGroup):0:0 -> getGroupView
...
com.google.android.material.internal.TextDrawableHelper$1 -> g2.l$a:
    com.google.android.material.internal.TextDrawableHelper this$0 -> a
    1:1:boolean com.google.android.material.internal.TextDrawableHelper.access$002(com.google.android.material.internal.TextDrawableHelper,boolean):0:0 -> a
    1:1:void onFontRetrievalFailed(int):0 -> a
    2:2:java.lang.ref.WeakReference com.google.android.material.internal.TextDrawableHelper.access$100(com.google.android.material.internal.TextDrawableHelper):0:0 -> a
    2:2:void onFontRetrievalFailed(int):0 -> a
    3:3:void onFontRetrievalFailed(int):0:0 -> a
    4:4:boolean com.google.android.material.internal.TextDrawableHelper.access$002(com.google.android.material.internal.TextDrawableHelper,boolean):0:0 -> a
    4:4:void onFontRetrieved(android.graphics.Typeface,boolean):0 -> a
    5:5:java.lang.ref.WeakReference com.google.android.material.internal.TextDrawableHelper.access$100(com.google.android.material.internal.TextDrawableHelper):0:0 -> a
    5:5:void onFontRetrieved(android.graphics.Typeface,boolean):0 -> a
    6:6:void onFontRetrieved(android.graphics.Typeface,boolean):0:0 -> a
com.google.android.material.internal.TextDrawableHelper$TextDrawableDelegate -> g2.l$b:
    void onTextSizeChange() -> a
com.google.android.material.internal.ThemeEnforcement -> g2.m:
    int[] MATERIAL_CHECK_ATTRS -> b
    int[] APPCOMPAT_CHECK_ATTRS -> a
    1:1:void checkMaterialTheme(android.content.Context):0:0 -> a
    1:1:void checkCompatibleTheme(android.content.Context,android.util.AttributeSet,int,int):0 -> a
    2:2:void checkAppCompatTheme(android.content.Context):0:0 -> a
    2:2:void checkCompatibleTheme(android.content.Context,android.util.AttributeSet,int,int):0 -> a
    3:3:boolean isCustomTextAppearanceValid(android.content.Context,android.util.AttributeSet,int[],int,int,int[]):0:0 -> a
    3:3:void checkTextAppearance(android.content.Context,android.util.AttributeSet,int[],int,int,int[]):0 -> a
    4:4:void checkTextAppearance(android.content.Context,android.util.AttributeSet,int[],int,int,int[]):0:0 -> a
    5:5:boolean isTheme(android.content.Context,int[]):0:0 -> a
    5:5:void checkTheme(android.content.Context,int[],java.lang.String):0 -> a
    6:6:void checkTheme(android.content.Context,int[],java.lang.String):0:0 -> a
    android.content.res.TypedArray obtainStyledAttributes(android.content.Context,android.util.AttributeSet,int[],int,int,int[]) -> b
com.google.android.material.internal.ViewUtils$3 -> g2.n:
    com.google.android.material.internal.ViewUtils$OnApplyWindowInsetsListener val$listener -> a
    com.google.android.material.internal.ViewUtils$RelativePadding val$initialPadding -> b
    1:1:void com.google.android.material.internal.ViewUtils$RelativePadding.<init>(com.google.android.material.internal.ViewUtils$RelativePadding):0:0 -> a
    1:1:androidx.core.view.WindowInsetsCompat onApplyWindowInsets(android.view.View,androidx.core.view.WindowInsetsCompat):0 -> a
    2:2:androidx.core.view.WindowInsetsCompat onApplyWindowInsets(android.view.View,androidx.core.view.WindowInsetsCompat):0:0 -> a
    3:3:androidx.core.view.WindowInsetsCompat com.google.android.material.bottomsheet.BottomSheetBehavior$3.onApplyWindowInsets(android.view.View,androidx.core.view.WindowInsetsCompat,com.google.android.material.internal.ViewUtils$RelativePadding):0:0 -> a
    3:3:androidx.core.view.WindowInsetsCompat onApplyWindowInsets(android.view.View,androidx.core.view.WindowInsetsCompat):0 -> a
    4:4:int com.google.android.material.bottomsheet.BottomSheetBehavior.access$102(com.google.android.material.bottomsheet.BottomSheetBehavior,int):0:0 -> a
    4:4:androidx.core.view.WindowInsetsCompat com.google.android.material.bottomsheet.BottomSheetBehavior$3.onApplyWindowInsets(android.view.View,androidx.core.view.WindowInsetsCompat,com.google.android.material.internal.ViewUtils$RelativePadding):0 -> a
com.google.android.material.internal.ViewUtils$4 -> g2.o: