app/unused.txt
app.bmc.com.BHOOMI_MRTC.R$integer
app.bmc.com.BHOOMI_MRTC.api.PariharaIndividualReportInteface:
    public abstract retrofit2.Call getCLWSStatusByAaadharNumber(java.lang.String,java.lang.String,java.lang.String)
    public abstract retrofit2.Call getCLWSStatusByRationCard(java.lang.String,java.lang.String,java.lang.String)
    public abstract retrofit2.Call getPariharaPaymentDetails(java.lang.String,java.lang.String,java.lang.String,java.lang.String,java.lang.String)
    public abstract retrofit2.Call getVillageWisePariharaDetails(java.lang.String,java.lang.String,int,int,int,int,int,int,int)
    public abstract retrofit2.Call getBenificiaryDetailsLandWise(java.lang.String,java.lang.String,java.lang.String,int,int,int)
    public abstract retrofit2.Call downloadVillageMapDetails(java.lang.String,java.lang.String,int,int,int,int)
    public abstract retrofit2.Call getLoanWaiverReportFramerWise(java.lang.String,java.lang.String,int,int,int,int)
    public abstract retrofit2.Call getPacsLoanWaiverReportFramerWise(java.lang.String,java.lang.String,int,int,int,int)
    public abstract retrofit2.Call fnGetLoanWaiverReportBankWise(java.lang.String,java.lang.String,com.google.gson.JsonObject)
    public abstract retrofit2.Call fnGetLoanWaiverPacsReportBankWise(java.lang.String,java.lang.String,com.google.gson.JsonObject)
    public abstract retrofit2.Call getLoanWaiverReportBranchWise(java.lang.String,java.lang.String,app.bmc.com.BHOOMI_MRTC.model.ClsLoanWaiverReportBANK_Branchwise)
app.bmc.com.BHOOMI_MRTC.screens.RestrictionOnLandReport:
    android.app.ProgressDialog progressDialog
    org.ksoap2.transport.HttpTransportSE androidHttpTransport
    org.ksoap2.serialization.SoapSerializationEnvelope envelope
    org.ksoap2.serialization.SoapPrimitive resultString
    java.lang.String resultFromServer
app.bmc.com.BHOOMI_MRTC.screens.RestrictionOnLandReport$GetRestrictionOnLandReport$1
app.bmc.com.BHOOMI_MRTC.R$bool
app.bmc.com.BHOOMI_MRTC.interfaces.VMS_RES_Interface:
    public abstract java.lang.String toString()
app.bmc.com.BHOOMI_MRTC.interfaces.LandConversion_Interface:
    public abstract java.lang.String toString()
app.bmc.com.BHOOMI_MRTC.R$interpolator
app.bmc.com.BHOOMI_MRTC.backgroundtasks.RtcViewInfoBackGroundTaskFragment:
    public static final java.lang.String TAG_HEADLESS_FRAGMENT
app.bmc.com.BHOOMI_MRTC.screens.ViewRtcInformationByOwnerName:
    private java.util.ArrayList rtcByOwnerNameResponsesList
app.bmc.com.BHOOMI_MRTC.adapters.BankPaymentDetailsAdapter
app.bmc.com.BHOOMI_MRTC.interfaces.CalamityInterface
app.bmc.com.BHOOMI_MRTC.interfaces.RLR_RES_Interface:
    public abstract java.lang.String toString()
app.bmc.com.BHOOMI_MRTC.interfaces.HobliModelInterface:
    public abstract java.lang.String getVLM_HKN_NM()
    public abstract java.lang.String getVLM_HBL_NM()
    public abstract java.lang.String toString()
app.bmc.com.BHOOMI_MRTC.model.CultivatorDisplay:
    public void <init>(java.lang.String,java.lang.String,java.lang.String,java.lang.String,java.lang.String,java.lang.String,java.lang.String,java.lang.String,java.lang.String,java.lang.String,java.lang.String,java.lang.String,java.lang.String,java.lang.String,java.lang.String,java.lang.String)
app.bmc.com.BHOOMI_MRTC.retrofit.PariharaIndividualreportClient:
    public void <init>()
app.bmc.com.BHOOMI_MRTC.interfaces.DistrictModelInterface:
    public abstract java.lang.String getVLM_DKN_NM()
    public abstract java.lang.String getVLM_DST_NM()
    public abstract java.lang.String toString()
app.bmc.com.BHOOMI_MRTC.R$menu
app.bmc.com.BHOOMI_MRTC.model.RTCByOwnerNameResponse:
    public void <init>(java.lang.String,java.lang.String,java.lang.String,java.lang.String,int,java.lang.String,java.lang.String,java.lang.String,java.lang.String,java.lang.String)
app.bmc.com.BHOOMI_MRTC.screens.RestrictionOnLandReport$GetRestrictionOnLandReport
...
kotlin.time.ExperimentalTime
kotlin.io.TextStreamsKt
kotlin.text.StringsKt__IndentKt:
    public static synthetic java.lang.String replaceIndentByMargin$default(java.lang.String,java.lang.String,java.lang.String,int,java.lang.Object)
    public static final java.lang.String trimIndent(java.lang.String)
    public static final java.lang.String replaceIndent(java.lang.String,java.lang.String)
    public static synthetic java.lang.String replaceIndent$default(java.lang.String,java.lang.String,int,java.lang.Object)
    public static final java.lang.String prependIndent(java.lang.String,java.lang.String)
    public static synthetic java.lang.String prependIndent$default(java.lang.String,java.lang.String,int,java.lang.Object)
    private static final int indentWidth$StringsKt__IndentKt(java.lang.String)
    private static final java.lang.String reindent$StringsKt__IndentKt(java.util.List,int,kotlin.jvm.functions.Function1,kotlin.jvm.functions.Function1)
    public void <init>()
io.reactivex.internal.operators.parallel.ParallelPeek$ParallelPeekSubscriber
retrofit2.Utils:
    private void <init>()
io.reactivex.internal.operators.observable.ObservableInternalHelper$ObserverOnNext
org.ksoap2.serialization.MarshalHashtable
com.google.android.material.datepicker.SingleDateSelector
androidx.room.TypeConverter
kotlin.time.AbstractLongTimeSource$LongTimeMark
io.reactivex.functions.IntFunction
androidx.fragment.app.FragmentActivity$HostCallbacks:
    public void onStartActivityFromFragment(androidx.fragment.app.Fragment,android.content.Intent,int)
    public void onStartActivityFromFragment(androidx.fragment.app.Fragment,android.content.Intent,int,android.os.Bundle)
    public void onStartIntentSenderFromFragment(androidx.fragment.app.Fragment,android.content.IntentSender,int,android.content.Intent,int,int,int,android.os.Bundle)
    public void onRequestPermissionsFromFragment(androidx.fragment.app.Fragment,java.lang.String[],int)
    public boolean onShouldShowRequestPermissionRationale(java.lang.String)
io.reactivex.internal.subscriptions.BooleanSubscription
org.reactivestreams.FlowAdapters$ReactiveToFlowProcessor
io.reactivex.internal.operators.completable.CompletableCache$InnerCompletableCache
com.google.android.material.slider.BaseSlider$SliderState
androidx.core.hardware.display.DisplayManagerCompat
kotlin.UShortArray$Iterator
io.reactivex.internal.subscribers.BasicFuseableConditionalSubscriber
io.reactivex.internal.operators.observable.ObservableZip$ZipObserver
androidx.core.widget.TextViewCompat:
    private void <init>()
    public static void setCompoundDrawablesRelativeWithIntrinsicBounds(android.widget.TextView,android.graphics.drawable.Drawable,android.graphics.drawable.Drawable,android.graphics.drawable.Drawable,android.graphics.drawable.Drawable)
    public static void setCompoundDrawablesRelativeWithIntrinsicBounds(android.widget.TextView,int,int,int,int)
    public static int getMinLines(android.widget.TextView)
    public static void setAutoSizeTextTypeWithDefaults(android.widget.TextView,int)
    public static void setAutoSizeTextTypeUniformWithConfiguration(android.widget.TextView,int,int,int,int)
    public static void setAutoSizeTextTypeUniformWithPresetSizes(android.widget.TextView,int[],int)
    public static int getAutoSizeTextType(android.widget.TextView)
    public static int getAutoSizeStepGranularity(android.widget.TextView)
    public static int getAutoSizeMinTextSize(android.widget.TextView)
    public static int getAutoSizeMaxTextSize(android.widget.TextView)
    public static int[] getAutoSizeTextAvailableSizes(android.widget.TextView)
    public static void setCustomSelectionActionModeCallback(android.widget.TextView,android.view.ActionMode$Callback)
    public static android.content.res.ColorStateList getCompoundDrawableTintList(android.widget.TextView)
    public static android.graphics.PorterDuff$Mode getCompoundDrawableTintMode(android.widget.TextView)
    private static final java.lang.String LOG_TAG